<?xml version="1.0" encoding="UTF-8"?>
<!-- Generated by org.testng.reporters.JUnitReportReporter -->
<testsuite hostname="NITINYADAV-PC" failures="0" tests="1" name="runner.Run" time="39.062" errors="0" timestamp="2023-03-24T11:59:24 IST" skipped="0">
  <testcase classname="runner.Run" name="runScenario" time="39.062"/>
  <system-out/>
</testsuite> <!-- runner.Run -->
